DEPRECATION WARNING: ActiveSupport::Memoizable is deprecated and will be removed in future releases,simply use Ruby memoization pattern instead. (called from mon_synchronize at c:/ror/Ruby1.9.2/lib/ruby/1.9.1/monitor.rb:201)
  [1m[36m (0.0ms)[0m  [1mSELECT "schema_migrations"."version" FROM "schema_migrations" [0m
Migrating to CreateUsers (20111227220302)
Migrating to CreateCharacters (20111229141918)
Migrating to CreateProfessions (20111229142053)
Migrating to AddFieldsToUsers (20111229142758)
Migrating to CreateMissions (20111229142833)
Migrating to CreateCities (20111229150227)
Migrating to AddCitiesToUsers (20111229150436)
Migrating to AddAboutToUsers (20111229160716)
Migrating to AddAvatarToUsers (20111229231603)
Migrating to CreatePrizes (20111230134153)
Migrating to CreateRewards (20111230134557)
Migrating to CreateFunds (20120105190113)
Migrating to CreateTenders (20120112121031)
Migrating to CreateInfos (20120114104955)
Migrating to ChangeTextFormatInInfo (20120114160257)
  [1m[35m (0.0ms)[0m  select sqlite_version(*)
  [1m[36m (0.0ms)[0m  [1mbegin transaction[0m
  [1m[35m (1.0ms)[0m  CREATE TEMPORARY TABLE "altered_infos" ("id" INTEGER PRIMARY KEY AUTOINCREMENT NOT NULL, "text" varchar(255), "location" integer DEFAULT 1, "created_at" datetime NOT NULL, "updated_at" datetime NOT NULL) 
  [1m[36m (0.0ms)[0m  [1mPRAGMA index_list("infos")[0m
  [1m[35m (1.0ms)[0m  SELECT * FROM "infos"
  [1m[36m (0.0ms)[0m  [1mINSERT INTO "altered_infos" ("id","text","location","created_at","updated_at") VALUES (1, 'Тестовое сообщение', 2, '2012-01-14 10:56:01.931640', '2012-01-14 11:08:28.687500')[0m
  [1m[35m (0.0ms)[0m  DROP TABLE "infos"
  [1m[36m (1.0ms)[0m  [1mCREATE TABLE "infos" ("id" INTEGER PRIMARY KEY AUTOINCREMENT NOT NULL, "text" text(255), "location" integer DEFAULT 1, "created_at" datetime NOT NULL, "updated_at" datetime NOT NULL) [0m
  [1m[35m (0.0ms)[0m  PRAGMA index_list("altered_infos")
  [1m[36m (0.0ms)[0m  [1mSELECT * FROM "altered_infos"[0m
  [1m[35m (0.0ms)[0m  INSERT INTO "infos" ("id","text","location","created_at","updated_at") VALUES (1, 'Тестовое сообщение', 2, '2012-01-14 10:56:01.931640', '2012-01-14 11:08:28.687500')
  [1m[36m (1.0ms)[0m  [1mDROP TABLE "altered_infos"[0m
  [1m[35m (0.0ms)[0m  INSERT INTO "schema_migrations" ("version") VALUES ('20120114160257')
  [1m[36m (94.7ms)[0m  [1mcommit transaction[0m
  [1m[35m (0.0ms)[0m  select sqlite_version(*)
  [1m[36m (0.0ms)[0m  [1mSELECT "schema_migrations"."version" FROM "schema_migrations" [0m
  [1m[35m (0.0ms)[0m  PRAGMA index_list("characters")
  [1m[36m (0.0ms)[0m  [1mPRAGMA index_list("cities")[0m
  [1m[35m (0.0ms)[0m  PRAGMA index_list("exercises")
  [1m[36m (0.0ms)[0m  [1mPRAGMA index_list("funds")[0m
  [1m[35m (0.0ms)[0m  PRAGMA index_list("infos")
  [1m[36m (0.0ms)[0m  [1mPRAGMA index_list("missions")[0m
  [1m[35m (0.0ms)[0m  PRAGMA index_list("prizes")
  [1m[36m (0.0ms)[0m  [1mPRAGMA index_list("professions")[0m
  [1m[35m (0.0ms)[0m  PRAGMA index_list("rewards")
  [1m[36m (0.0ms)[0m  [1mPRAGMA index_list("tenders")[0m
  [1m[35m (0.0ms)[0m  PRAGMA index_list("users")
  [1m[36m (0.0ms)[0m  [1mPRAGMA index_list("walls")[0m
